<?xml version="1.0" encoding="UTF-8" ?>
<testsuite tests="2" failures="0" name="com.machinelearning.doc_classifier.knn.category_classifierTest.MajorityVoteClassifierTest" time="0.012" errors="0" skipped="0">
  <properties>
[...]
</properties>
  <testcase classname="com.machinelearning.doc_classifier.knn.category_classifierTest.MajorityVoteClassifierTest" name="givenOneClassificationInfoExpectReturnRightClassification" time="0.007"/>
  <testcase classname="com.machinelearning.doc_classifier.knn.category_classifierTest.MajorityVoteClassifierTest" name="givenManyClassificationInfoExpectReturnRightClassification" time="0"/>
</testsuite>